[Wed Jan 12 01:45:46.128931 2022] [ssl:warn] [pid 10304:tid 608] AH01909: www.example.com:443:0 server certificate does NOT include an ID which matches the server name
[Wed Jan 12 01:45:46.169265 2022] [ssl:warn] [pid 10304:tid 608] AH01909: www.example.com:443:0 server certificate does NOT include an ID which matches the server name
PHP Warning:  Module 'openssl' already loaded in Unknown on line 0
[Wed Jan 12 01:45:46.233061 2022] [mpm_winnt:notice] [pid 10304:tid 608] AH00455: Apache/2.4.41 (Win64) OpenSSL/1.1.1c PHP/7.3.11 configured -- resuming normal operations
[Wed Jan 12 01:45:46.233061 2022] [mpm_winnt:notice] [pid 10304:tid 608] AH00456: Apache Lounge VC15 Server built: Aug 11 2019 12:20:04
[Wed Jan 12 01:45:46.233061 2022] [core:notice] [pid 10304:tid 608] AH00094: Command line: 'apache\\bin\\httpd.exe -d D:/Test-Automation-SE-Bonus/server/apache -f conf\\httpd.conf'
[Wed Jan 12 01:45:46.244046 2022] [mpm_winnt:notice] [pid 10304:tid 608] AH00418: Parent: Created child process 13320
[Wed Jan 12 01:45:47.039175 2022] [ssl:warn] [pid 13320:tid 452] AH01909: www.example.com:443:0 server certificate does NOT include an ID which matches the server name
[Wed Jan 12 01:45:47.070312 2022] [ssl:warn] [pid 13320:tid 452] AH01909: www.example.com:443:0 server certificate does NOT include an ID which matches the server name
PHP Warning:  Module 'openssl' already loaded in Unknown on line 0
[Wed Jan 12 01:45:47.104600 2022] [mpm_winnt:notice] [pid 13320:tid 452] AH00354: Child: Starting 150 worker threads.
[Wed Jan 12 01:58:53.734821 2022] [mpm_winnt:notice] [pid 10304:tid 608] AH00422: Parent: Received shutdown signal -- Shutting down the server.
[Wed Jan 12 01:58:55.753461 2022] [mpm_winnt:notice] [pid 13320:tid 452] AH00364: Child: All worker threads have exited.
[Wed Jan 12 01:58:55.820627 2022] [mpm_winnt:notice] [pid 10304:tid 608] AH00430: Parent: Child process 13320 exited successfully.
[Wed Jan 12 02:16:50.594148 2022] [ssl:warn] [pid 4416:tid 564] AH01909: www.example.com:443:0 server certificate does NOT include an ID which matches the server name
[Wed Jan 12 02:16:50.622160 2022] [ssl:warn] [pid 4416:tid 564] AH01909: www.example.com:443:0 server certificate does NOT include an ID which matches the server name
PHP Warning:  Module 'openssl' already loaded in Unknown on line 0
[Wed Jan 12 02:16:50.648522 2022] [mpm_winnt:notice] [pid 4416:tid 564] AH00455: Apache/2.4.41 (Win64) OpenSSL/1.1.1c PHP/7.3.11 configured -- resuming normal operations
[Wed Jan 12 02:16:50.648522 2022] [mpm_winnt:notice] [pid 4416:tid 564] AH00456: Apache Lounge VC15 Server built: Aug 11 2019 12:20:04
[Wed Jan 12 02:16:50.648522 2022] [core:notice] [pid 4416:tid 564] AH00094: Command line: 'apache\\bin\\httpd.exe -d D:/Test-Automation-SE-Bonus/server/apache -f conf\\httpd.conf'
[Wed Jan 12 02:16:50.651515 2022] [mpm_winnt:notice] [pid 4416:tid 564] AH00418: Parent: Created child process 11440
[Wed Jan 12 02:16:51.131036 2022] [ssl:warn] [pid 11440:tid 396] AH01909: www.example.com:443:0 server certificate does NOT include an ID which matches the server name
[Wed Jan 12 02:16:51.154227 2022] [ssl:warn] [pid 11440:tid 396] AH01909: www.example.com:443:0 server certificate does NOT include an ID which matches the server name
PHP Warning:  Module 'openssl' already loaded in Unknown on line 0
[Wed Jan 12 02:16:51.175669 2022] [mpm_winnt:notice] [pid 11440:tid 396] AH00354: Child: Starting 150 worker threads.
[Wed Jan 12 02:22:22.978351 2022] [mpm_winnt:notice] [pid 4416:tid 564] AH00422: Parent: Received shutdown signal -- Shutting down the server.
[Wed Jan 12 02:22:24.985314 2022] [mpm_winnt:notice] [pid 11440:tid 396] AH00364: Child: All worker threads have exited.
[Wed Jan 12 02:22:25.027964 2022] [mpm_winnt:notice] [pid 4416:tid 564] AH00430: Parent: Child process 11440 exited successfully.
[Wed Jan 12 21:47:16.023332 2022] [ssl:warn] [pid 10156:tid 444] AH01909: www.example.com:443:0 server certificate does NOT include an ID which matches the server name
[Wed Jan 12 21:47:16.106129 2022] [ssl:warn] [pid 10156:tid 444] AH01909: www.example.com:443:0 server certificate does NOT include an ID which matches the server name
PHP Warning:  Module 'openssl' already loaded in Unknown on line 0
[Wed Jan 12 21:47:16.764472 2022] [mpm_winnt:notice] [pid 10156:tid 444] AH00455: Apache/2.4.41 (Win64) OpenSSL/1.1.1c PHP/7.3.11 configured -- resuming normal operations
[Wed Jan 12 21:47:16.764472 2022] [mpm_winnt:notice] [pid 10156:tid 444] AH00456: Apache Lounge VC15 Server built: Aug 11 2019 12:20:04
[Wed Jan 12 21:47:16.764472 2022] [core:notice] [pid 10156:tid 444] AH00094: Command line: 'apache\\bin\\httpd.exe -d D:/Test-Automation-SE-Bonus/server/apache -f conf\\httpd.conf'
[Wed Jan 12 21:47:16.793326 2022] [mpm_winnt:notice] [pid 10156:tid 444] AH00418: Parent: Created child process 16892
[Wed Jan 12 21:47:19.973457 2022] [ssl:warn] [pid 16892:tid 628] AH01909: www.example.com:443:0 server certificate does NOT include an ID which matches the server name
[Wed Jan 12 21:47:20.123402 2022] [ssl:warn] [pid 16892:tid 628] AH01909: www.example.com:443:0 server certificate does NOT include an ID which matches the server name
PHP Warning:  Module 'openssl' already loaded in Unknown on line 0
[Wed Jan 12 21:47:20.251959 2022] [mpm_winnt:notice] [pid 16892:tid 628] AH00354: Child: Starting 150 worker threads.
[Wed Jan 12 21:49:41.677230 2022] [mpm_winnt:notice] [pid 10156:tid 444] AH00422: Parent: Received shutdown signal -- Shutting down the server.
[Wed Jan 12 21:49:43.715318 2022] [mpm_winnt:notice] [pid 16892:tid 628] AH00364: Child: All worker threads have exited.
[Wed Jan 12 21:49:43.766165 2022] [mpm_winnt:notice] [pid 10156:tid 444] AH00430: Parent: Child process 16892 exited successfully.
[Thu Jan 13 09:52:04.321428 2022] [ssl:warn] [pid 3840:tid 580] AH01909: www.example.com:443:0 server certificate does NOT include an ID which matches the server name
[Thu Jan 13 09:52:04.357268 2022] [ssl:warn] [pid 3840:tid 580] AH01909: www.example.com:443:0 server certificate does NOT include an ID which matches the server name
PHP Warning:  Module 'openssl' already loaded in Unknown on line 0
[Thu Jan 13 09:52:04.808324 2022] [mpm_winnt:notice] [pid 3840:tid 580] AH00455: Apache/2.4.41 (Win64) OpenSSL/1.1.1c PHP/7.3.11 configured -- resuming normal operations
[Thu Jan 13 09:52:04.808324 2022] [mpm_winnt:notice] [pid 3840:tid 580] AH00456: Apache Lounge VC15 Server built: Aug 11 2019 12:20:04
[Thu Jan 13 09:52:04.808324 2022] [core:notice] [pid 3840:tid 580] AH00094: Command line: 'apache\\bin\\httpd.exe -d D:/Test-Automation-SE-Bonus/server/apache -f conf\\httpd.conf'
[Thu Jan 13 09:52:04.813957 2022] [mpm_winnt:notice] [pid 3840:tid 580] AH00418: Parent: Created child process 14108
[Thu Jan 13 09:52:05.441043 2022] [ssl:warn] [pid 14108:tid 640] AH01909: www.example.com:443:0 server certificate does NOT include an ID which matches the server name
[Thu Jan 13 09:52:05.479391 2022] [ssl:warn] [pid 14108:tid 640] AH01909: www.example.com:443:0 server certificate does NOT include an ID which matches the server name
PHP Warning:  Module 'openssl' already loaded in Unknown on line 0
[Thu Jan 13 09:52:05.509820 2022] [mpm_winnt:notice] [pid 14108:tid 640] AH00354: Child: Starting 150 worker threads.
[Thu Jan 13 09:52:16.572154 2022] [mpm_winnt:notice] [pid 3840:tid 580] AH00422: Parent: Received shutdown signal -- Shutting down the server.
[Thu Jan 13 09:52:18.600325 2022] [mpm_winnt:notice] [pid 14108:tid 640] AH00364: Child: All worker threads have exited.
[Thu Jan 13 09:52:18.632825 2022] [mpm_winnt:notice] [pid 3840:tid 580] AH00430: Parent: Child process 14108 exited successfully.
[Thu Jan 13 09:52:38.446577 2022] [ssl:warn] [pid 8948:tid 624] AH01909: www.example.com:443:0 server certificate does NOT include an ID which matches the server name
[Thu Jan 13 09:52:38.477844 2022] [ssl:warn] [pid 8948:tid 624] AH01909: www.example.com:443:0 server certificate does NOT include an ID which matches the server name
PHP Warning:  Module 'openssl' already loaded in Unknown on line 0
[Thu Jan 13 09:52:38.509096 2022] [mpm_winnt:notice] [pid 8948:tid 624] AH00455: Apache/2.4.41 (Win64) OpenSSL/1.1.1c PHP/7.3.11 configured -- resuming normal operations
[Thu Jan 13 09:52:38.509096 2022] [mpm_winnt:notice] [pid 8948:tid 624] AH00456: Apache Lounge VC15 Server built: Aug 11 2019 12:20:04
[Thu Jan 13 09:52:38.509096 2022] [core:notice] [pid 8948:tid 624] AH00094: Command line: 'apache\\bin\\httpd.exe -d D:/Test-Automation-SE-Bonus/server/apache -f conf\\httpd.conf'
[Thu Jan 13 09:52:38.509096 2022] [mpm_winnt:notice] [pid 8948:tid 624] AH00418: Parent: Created child process 3260
[Thu Jan 13 09:52:39.069741 2022] [ssl:warn] [pid 3260:tid 644] AH01909: www.example.com:443:0 server certificate does NOT include an ID which matches the server name
[Thu Jan 13 09:52:39.101741 2022] [ssl:warn] [pid 3260:tid 644] AH01909: www.example.com:443:0 server certificate does NOT include an ID which matches the server name
PHP Warning:  Module 'openssl' already loaded in Unknown on line 0
[Thu Jan 13 09:52:39.129739 2022] [mpm_winnt:notice] [pid 3260:tid 644] AH00354: Child: Starting 150 worker threads.
[Thu Jan 13 10:24:09.843108 2022] [mpm_winnt:notice] [pid 8948:tid 624] AH00422: Parent: Received shutdown signal -- Shutting down the server.
[Thu Jan 13 10:24:11.852571 2022] [mpm_winnt:notice] [pid 3260:tid 644] AH00364: Child: All worker threads have exited.
[Thu Jan 13 10:24:11.894571 2022] [mpm_winnt:notice] [pid 8948:tid 624] AH00430: Parent: Child process 3260 exited successfully.
[Thu Jan 13 22:30:18.125836 2022] [ssl:warn] [pid 12720:tid 584] AH01909: www.example.com:443:0 server certificate does NOT include an ID which matches the server name
[Thu Jan 13 22:30:18.152766 2022] [ssl:warn] [pid 12720:tid 584] AH01909: www.example.com:443:0 server certificate does NOT include an ID which matches the server name
PHP Warning:  Module 'openssl' already loaded in Unknown on line 0
[Thu Jan 13 22:30:18.645454 2022] [mpm_winnt:notice] [pid 12720:tid 584] AH00455: Apache/2.4.41 (Win64) OpenSSL/1.1.1c PHP/7.3.11 configured -- resuming normal operations
[Thu Jan 13 22:30:18.645454 2022] [mpm_winnt:notice] [pid 12720:tid 584] AH00456: Apache Lounge VC15 Server built: Aug 11 2019 12:20:04
[Thu Jan 13 22:30:18.645454 2022] [core:notice] [pid 12720:tid 584] AH00094: Command line: 'apache\\bin\\httpd.exe -d D:/Test-Automation-SE-Bonus/server/apache -f conf\\httpd.conf'
[Thu Jan 13 22:30:18.648446 2022] [mpm_winnt:notice] [pid 12720:tid 584] AH00418: Parent: Created child process 5016
[Thu Jan 13 22:30:19.029039 2022] [ssl:warn] [pid 5016:tid 564] AH01909: www.example.com:443:0 server certificate does NOT include an ID which matches the server name
[Thu Jan 13 22:30:19.051979 2022] [ssl:warn] [pid 5016:tid 564] AH01909: www.example.com:443:0 server certificate does NOT include an ID which matches the server name
PHP Warning:  Module 'openssl' already loaded in Unknown on line 0
[Thu Jan 13 22:30:19.076017 2022] [mpm_winnt:notice] [pid 5016:tid 564] AH00354: Child: Starting 150 worker threads.
[Thu Jan 13 22:34:50.321201 2022] [mpm_winnt:notice] [pid 12720:tid 584] AH00422: Parent: Received shutdown signal -- Shutting down the server.
[Thu Jan 13 22:34:52.331979 2022] [mpm_winnt:notice] [pid 5016:tid 564] AH00364: Child: All worker threads have exited.
[Thu Jan 13 22:34:52.381882 2022] [mpm_winnt:notice] [pid 12720:tid 584] AH00430: Parent: Child process 5016 exited successfully.
[Thu Jan 13 23:29:03.792471 2022] [ssl:warn] [pid 12068:tid 644] AH01909: www.example.com:443:0 server certificate does NOT include an ID which matches the server name
[Thu Jan 13 23:29:03.847135 2022] [ssl:warn] [pid 12068:tid 644] AH01909: www.example.com:443:0 server certificate does NOT include an ID which matches the server name
PHP Warning:  Module 'openssl' already loaded in Unknown on line 0
[Thu Jan 13 23:29:03.920453 2022] [mpm_winnt:notice] [pid 12068:tid 644] AH00455: Apache/2.4.41 (Win64) OpenSSL/1.1.1c PHP/7.3.11 configured -- resuming normal operations
[Thu Jan 13 23:29:03.920453 2022] [mpm_winnt:notice] [pid 12068:tid 644] AH00456: Apache Lounge VC15 Server built: Aug 11 2019 12:20:04
[Thu Jan 13 23:29:03.920453 2022] [core:notice] [pid 12068:tid 644] AH00094: Command line: 'apache\\bin\\httpd.exe -d D:/Test-Automation-SE-Bonus/server/apache -f conf\\httpd.conf'
[Thu Jan 13 23:29:03.934415 2022] [mpm_winnt:notice] [pid 12068:tid 644] AH00418: Parent: Created child process 5440
[Thu Jan 13 23:29:04.742772 2022] [ssl:warn] [pid 5440:tid 568] AH01909: www.example.com:443:0 server certificate does NOT include an ID which matches the server name
[Thu Jan 13 23:29:04.782665 2022] [ssl:warn] [pid 5440:tid 568] AH01909: www.example.com:443:0 server certificate does NOT include an ID which matches the server name
PHP Warning:  Module 'openssl' already loaded in Unknown on line 0
[Thu Jan 13 23:29:04.848490 2022] [mpm_winnt:notice] [pid 5440:tid 568] AH00354: Child: Starting 150 worker threads.
[Thu Jan 13 23:53:05.333827 2022] [mpm_winnt:notice] [pid 12068:tid 644] AH00422: Parent: Received shutdown signal -- Shutting down the server.
[Thu Jan 13 23:53:07.364408 2022] [mpm_winnt:notice] [pid 5440:tid 568] AH00364: Child: All worker threads have exited.
[Thu Jan 13 23:53:07.408721 2022] [mpm_winnt:notice] [pid 12068:tid 644] AH00430: Parent: Child process 5440 exited successfully.
